2013-07-19-17.04.11.055149               Level:EVENT
PID:19849                                TID:19850
Function:pmdTcpListenerEntryPoint        Line:40
File:pmd/pmdTcpListener.cpp
Message:
Listening on port_test 48127


2013-07-19-17.04.38.495457               Level:EVENT
PID:19849                                TID:19852
Function:pmdEDUEntryPoint                Line:182
File:pmd/pmdEDU.cpp
Message:
EDU 2 is forced

2013-07-19-17.06.53.017512               Level:EVENT
PID:19885                                TID:19888
Function:pmdTcpListenerEntryPoint        Line:40
File:pmd/pmdTcpListener.cpp
Message:
Listening on port_test 48127


2013-07-19-17.09.21.423679               Level:EVENT
PID:21230                                TID:21231
Function:pmdTcpListenerEntryPoint        Line:40
File:pmd/pmdTcpListener.cpp
Message:
Listening on port_test 48127


2013-07-19-17.09.33.118305               Level:EVENT
PID:21230                                TID:21233
Function:pmdProcessAgentRequest          Line:47
File:pmd/pmdAgent.cpp
Message:
Process Agent Request

2013-07-19-17.14.00.968133               Level:EVENT
PID:22562                                TID:22563
Function:pmdTcpListenerEntryPoint        Line:40
File:pmd/pmdTcpListener.cpp
Message:
Listening on port_test 48127


2013-07-19-17.14.06.989445               Level:EVENT
PID:22562                                TID:22564
Function:pmdProcessAgentRequest          Line:47
File:pmd/pmdAgent.cpp
Message:
Process Agent Request

2013-07-19-17.14.16.029043               Level:EVENT
PID:22562                                TID:22564
Function:pmdProcessAgentRequest          Line:47
File:pmd/pmdAgent.cpp
Message:
Process Agent Request

2013-07-19-17.14.16.830673               Level:EVENT
PID:22562                                TID:22564
Function:pmdProcessAgentRequest          Line:47
File:pmd/pmdAgent.cpp
Message:
Process Agent Request

2013-07-19-17.14.38.596293               Level:EVENT
PID:22562                                TID:22564
Function:pmdProcessAgentRequest          Line:47
File:pmd/pmdAgent.cpp
Message:
Process Agent Request

2013-07-19-17.14.48.992885               Level:EVENT
PID:22562                                TID:22564
Function:pmdEDUEntryPoint                Line:182
File:pmd/pmdEDU.cpp
Message:
EDU 2 is forced

